<?xml version="1.0" encoding="UTF-8"?>
<!-- Generated by org.testng.reporters.JUnitReportReporter -->
<testsuite skipped="0" hostname="DESKTOP-NUGMMBG" name="apps.test.TC_1" tests="2" failures="0" timestamp="2021-05-16T13:43:49 IST" time="32.071" errors="0">
  <testcase name="loginToApplicaiton_TC" time="22.507" classname="apps.test.TC_1"/>
  <system-out/>
  <testcase name="HomePageTest_TC" time="9.564" classname="apps.test.TC_1"/>
  <system-out/>
</testsuite> <!-- apps.test.TC_1 -->
