<?xml version="1.0" encoding="UTF-8"?>
<!-- Generated by org.testng.reporters.JUnitReportReporter -->
<testsuite skipped="0" hostname="DESKTOP-NUGMMBG" name="amazonDemoApp.Log" tests="1" failures="0" timestamp="2021-05-08T23:15:46 IST" time="0.009" errors="0">
  <testcase name="test" time="0.009" classname="amazonDemoApp.Log"/>
  <system-out/>
</testsuite> <!-- amazonDemoApp.Log -->
